<?xml version="1.0" encoding="UTF-8"?>
<!-- Generated by org.testng.reporters.JUnitReportReporter -->
<testsuite hostname="Kamaly" failures="0" tests="1" name="testCases.TC_004_SearchPage" time="11.512" errors="0" timestamp="2022-11-15T14:19:08 EST" skipped="0">
  <testcase classname="testCases.TC_004_SearchPage" name="searchPageTest" time="11.512"/>
  <system-out/>
</testsuite> <!-- testCases.TC_004_SearchPage -->
