<?xml version="1.0" encoding="UTF-8"?>
<!-- Generated by org.testng.reporters.JUnitReportReporter -->
<testsuite hostname="Kamaly" failures="0" tests="1" name="testCases.TC_002_LoginTest" time="0.995" errors="0" timestamp="2022-11-15T14:19:08 EST" skipped="0">
  <testcase classname="testCases.TC_002_LoginTest" name="test_login" time="0.995"/>
  <system-out/>
</testsuite> <!-- testCases.TC_002_LoginTest -->
